C51 COMPILER V9.60.0.0   2_SSD_TRAFFIC_LIGHT                                               01/25/2023 17:43:07 PAGE 1   


C51 COMPILER V9.60.0.0, COMPILATION OF MODULE 2_SSD_TRAFFIC_LIGHT
OBJECT MODULE PLACED IN .\Objects\2-ssd-traffic-light.obj
COMPILER INVOKED BY: C:\Keil_v5\C51\BIN\C51.EXE 2-ssd-traffic-light.c OPTIMIZE(8,SPEED) BROWSE DEBUG OBJECTEXTEND PRINT(
                    -.\Listings\2-ssd-traffic-light.lst) TABS(2) OBJECT(.\Objects\2-ssd-traffic-light.obj)

line level    source

   1          #include<reg51.h>
   2          sbit S1 = P3^0;
   3          sbit S2 = P3^1;
   4          sbit red = P1^0;
   5          sbit yellow = P1^1;
   6          sbit green = P1^2;
   7          
   8          void delay(int d)
   9          {
  10   1        int arr[10] = {0xC0,0xF9,0xA4,0xB0,0x99,0x92,0x82,0xF8,0x80,0x90};
  11   1        int x, num1,num2,i,j;
  12   1          for(x=0;x<=d;x++)
  13   1          {
  14   2            num1 = x/10;   
  15   2            S1 = 1;         
  16   2            S2 = 0;
  17   2            P2 = arr[num1];  
  18   2            for(i=0;i<100;i++)
  19   2            for(j=0;j<255;j++);
  20   2      
  21   2            
  22   2            num2 = x%10;    
  23   2            S1 = 0;         
  24   2            S2 = 1;
  25   2            P2 = arr[num2];
  26   2            for(i=0;i<100;i++)
  27   2            for(j=0;j<255;j++);
  28   2      
  29   2          }
  30   1      }
  31          
  32          void main(){
  33   1          while(1){
  34   2          red=yellow=green=0;
  35   2          red=1;
  36   2          delay(15);
  37   2            red=0;
  38   2          yellow=1;
  39   2          delay(5);
  40   2            yellow=0;
  41   2          green=1;
  42   2          delay(30);
  43   2            green=0;
  44   2          }
  45   1        }
  46          


MODULE INFORMATION:   STATIC OVERLAYABLE
   CODE SIZE        =    207    ----
   CONSTANT SIZE    =     20    ----
   XDATA SIZE       =   ----    ----
   PDATA SIZE       =   ----    ----
   DATA SIZE        =   ----      24
C51 COMPILER V9.60.0.0   2_SSD_TRAFFIC_LIGHT                                               01/25/2023 17:43:07 PAGE 2   

   IDATA SIZE       =   ----    ----
   BIT SIZE         =   ----    ----
END OF MODULE INFORMATION.


C51 COMPILATION COMPLETE.  0 WARNING(S),  0 ERROR(S)
